;  LST file generated by mikroListExporter - v.2.0 
; Date/Time: 09/05/2019 12:14:19
;----------------------------------------------

;Address Opcode 	ASM
0x0000	0x2917      	GOTO       279
_Delay_22us:
;__Lib_Delays.c,15 :: 		void Delay_22us() {
;__Lib_Delays.c,16 :: 		Delay_us(22);
0x0003	0x3015      	MOVLW      21
0x0004	0x1283      	BCF        STATUS, 5
0x0005	0x1303      	BCF        STATUS, 6
0x0006	0x00FD      	MOVWF      R13
L_Delay_22us1:
0x0007	0x0BFD      	DECFSZ     R13, 1
0x0008	0x2807      	GOTO       L_Delay_22us1
0x0009	0x0000      	NOP
0x000A	0x0000      	NOP
;__Lib_Delays.c,17 :: 		}
L_end_Delay_22us:
0x000B	0x0008      	RETURN
; end of _Delay_22us
_Mul_16X16_U:
;__Lib_Math.c,136 :: 		
;__Lib_Math.c,143 :: 		
0x000C	0x1283      	BCF        STATUS, 5
;__Lib_Math.c,144 :: 		
0x000D	0x1303      	BCF        STATUS, 6
;__Lib_Math.c,145 :: 		
0x000E	0x01FB      	CLRF       R11
;__Lib_Math.c,146 :: 		
0x000F	0x01FA      	CLRF       R10
;__Lib_Math.c,147 :: 		
0x0010	0x01F9      	CLRF       R9
;__Lib_Math.c,148 :: 		
0x0011	0x3080      	MOVLW      128
;__Lib_Math.c,149 :: 		
0x0012	0x00F8      	MOVWF      R8
;__Lib_Math.c,150 :: 		
0x0013	0x0CF1      	RRF        R1, 1
;__Lib_Math.c,151 :: 		
0x0014	0x0CF0      	RRF        R0, 1
;__Lib_Math.c,152 :: 		
0x0015	0x1C03      	BTFSS      STATUS, 0
;__Lib_Math.c,153 :: 		
0x0016	0x2820      	GOTO       $+10
;__Lib_Math.c,154 :: 		
0x0017	0x0874      	MOVF       R4, 0
;__Lib_Math.c,155 :: 		
0x0018	0x07F9      	ADDWF      R9, 1
;__Lib_Math.c,156 :: 		
0x0019	0x0875      	MOVF       R5, 0
;__Lib_Math.c,157 :: 		
0x001A	0x1803      	BTFSC      STATUS, 0
;__Lib_Math.c,158 :: 		
0x001B	0x0F75      	INCFSZ     R5, 0
;__Lib_Math.c,159 :: 		
0x001C	0x07FA      	ADDWF      R10, 1
;__Lib_Math.c,160 :: 		
0x001D	0x1803      	BTFSC      STATUS, 0
;__Lib_Math.c,161 :: 		
0x001E	0x0AFB      	INCF       R11, 1
;__Lib_Math.c,162 :: 		
0x001F	0x1003      	BCF        STATUS, 0
;__Lib_Math.c,163 :: 		
0x0020	0x1FF0      	BTFSS      R0, 7
;__Lib_Math.c,164 :: 		
0x0021	0x2828      	GOTO       $+7
;__Lib_Math.c,165 :: 		
0x0022	0x0874      	MOVF       R4, 0
;__Lib_Math.c,166 :: 		
0x0023	0x07FA      	ADDWF      R10, 1
;__Lib_Math.c,167 :: 		
0x0024	0x0875      	MOVF       R5, 0
;__Lib_Math.c,168 :: 		
0x0025	0x1803      	BTFSC      STATUS, 0
;__Lib_Math.c,169 :: 		
0x0026	0x0F75      	INCFSZ     R5, 0
;__Lib_Math.c,170 :: 		
0x0027	0x07FB      	ADDWF      R11, 1
;__Lib_Math.c,171 :: 		
0x0028	0x0CFB      	RRF        R11, 1
;__Lib_Math.c,172 :: 		
0x0029	0x0CFA      	RRF        R10, 1
;__Lib_Math.c,173 :: 		
0x002A	0x0CF9      	RRF        R9, 1
;__Lib_Math.c,174 :: 		
0x002B	0x0CF8      	RRF        R8, 1
;__Lib_Math.c,175 :: 		
0x002C	0x1C03      	BTFSS      STATUS, 0
;__Lib_Math.c,176 :: 		
0x002D	0x2813      	GOTO       $-26
;__Lib_Math.c,177 :: 		
0x002E	0x087B      	MOVF       R11, 0
;__Lib_Math.c,178 :: 		
0x002F	0x00F3      	MOVWF      R3
;__Lib_Math.c,179 :: 		
0x0030	0x087A      	MOVF       R10, 0
;__Lib_Math.c,180 :: 		
0x0031	0x00F2      	MOVWF      R2
;__Lib_Math.c,181 :: 		
0x0032	0x0879      	MOVF       R9, 0
;__Lib_Math.c,182 :: 		
0x0033	0x00F1      	MOVWF      R1
;__Lib_Math.c,183 :: 		
0x0034	0x0878      	MOVF       R8, 0
;__Lib_Math.c,184 :: 		
0x0035	0x00F0      	MOVWF      R0
;__Lib_Math.c,187 :: 		
L_end_Mul_16X16_U:
0x0036	0x0008      	RETURN
; end of _Mul_16X16_U
_____DoICP:
;__Lib_System.c,6 :: 		
;__Lib_System.c,9 :: 		
0x0037	0x1283      	BCF        STATUS, 5
0x0038	0x1303      	BCF        STATUS, 6
0x0039	0x0828      	MOVF       ___DoICPAddr+1, 0
0x003A	0x008A      	MOVWF      PCLATH
;__Lib_System.c,10 :: 		
0x003B	0x0827      	MOVF       ___DoICPAddr, 0
0x003C	0x0082      	MOVWF      PCL
;__Lib_System.c,12 :: 		
L_end_____DoICP:
0x003D	0x0008      	RETURN
; end of _____DoICP
_UART1_Write:
;__Lib_UART_c67.c,39 :: 		
;__Lib_UART_c67.c,40 :: 		
L_UART1_Write3:
0x003E	0x1683      	BSF        STATUS, 5
0x003F	0x1303      	BCF        STATUS, 6
0x0040	0x1898      	BTFSC      TXSTA, 1
0x0041	0x2844      	GOTO       L_UART1_Write4
;__Lib_UART_c67.c,41 :: 		
0x0042	0x0000      	NOP
0x0043	0x283E      	GOTO       L_UART1_Write3
L_UART1_Write4:
;__Lib_UART_c67.c,42 :: 		
0x0044	0x1283      	BCF        STATUS, 5
0x0045	0x0834      	MOVF       FARG_UART1_Write_data_, 0
0x0046	0x0099      	MOVWF      TXREG
;__Lib_UART_c67.c,43 :: 		
L_end_UART1_Write:
0x0047	0x0008      	RETURN
; end of _UART1_Write
_UART1_Init:
;__Lib_UART_c67.c,2 :: 		
;__Lib_UART_c67.c,5 :: 		
0x0048	0x1683      	BSF        STATUS, 5
0x0049	0x1303      	BCF        STATUS, 6
0x004A	0x1698      	BSF        TXSTA, 5
;__Lib_UART_c67.c,6 :: 		
0x004B	0x3090      	MOVLW      144
0x004C	0x1283      	BCF        STATUS, 5
0x004D	0x0098      	MOVWF      RCSTA
;__Lib_UART_c67.c,7 :: 		
0x004E	0x1683      	BSF        STATUS, 5
0x004F	0x1787      	BSF        TRISC7_bit, BitPos(TRISC7_bit+0)
;__Lib_UART_c67.c,8 :: 		
0x0050	0x1307      	BCF        TRISC6_bit, BitPos(TRISC6_bit+0)
;__Lib_UART_c67.c,10 :: 		
L_UART1_Init0:
0x0051	0x1283      	BCF        STATUS, 5
0x0052	0x1E8C      	BTFSS      PIR1, 5
0x0053	0x2857      	GOTO       L_UART1_Init1
;__Lib_UART_c67.c,11 :: 		
0x0054	0x081A      	MOVF       RCREG, 0
0x0055	0x00F0      	MOVWF      R0
0x0056	0x2851      	GOTO       L_UART1_Init0
L_UART1_Init1:
;__Lib_UART_c67.c,12 :: 		
L_end_UART1_Init:
0x0057	0x0008      	RETURN
; end of _UART1_Init
_UART1_Write_Text:
;__Lib_UART_c67.c,47 :: 		
;__Lib_UART_c67.c,48 :: 		
0x0058	0x1283      	BCF        STATUS, 5
0x0059	0x1303      	BCF        STATUS, 6
0x005A	0x01B2      	CLRF       UART1_Write_Text_counter_L0
;__Lib_UART_c67.c,50 :: 		
0x005B	0x0830      	MOVF       FARG_UART1_Write_Text_uart_text, 0
0x005C	0x0084      	MOVWF      FSR
0x005D	0x0800      	MOVF       INDF, 0
0x005E	0x00B1      	MOVWF      UART1_Write_Text_data__L0
;__Lib_UART_c67.c,51 :: 		
L_UART1_Write_Text5:
0x005F	0x0831      	MOVF       UART1_Write_Text_data__L0, 0
0x0060	0x3A00      	XORLW      0
0x0061	0x1903      	BTFSC      STATUS, 2
0x0062	0x286D      	GOTO       L_UART1_Write_Text6
;__Lib_UART_c67.c,52 :: 		
0x0063	0x0831      	MOVF       UART1_Write_Text_data__L0, 0
0x0064	0x00B4      	MOVWF      FARG_UART1_Write_data_
0x0065	0x203E      	CALL       _UART1_Write
;__Lib_UART_c67.c,53 :: 		
0x0066	0x0AB2      	INCF       UART1_Write_Text_counter_L0, 1
;__Lib_UART_c67.c,54 :: 		
0x0067	0x0832      	MOVF       UART1_Write_Text_counter_L0, 0
0x0068	0x0730      	ADDWF      FARG_UART1_Write_Text_uart_text, 0
0x0069	0x0084      	MOVWF      FSR
0x006A	0x0800      	MOVF       INDF, 0
0x006B	0x00B1      	MOVWF      UART1_Write_Text_data__L0
;__Lib_UART_c67.c,55 :: 		
0x006C	0x285F      	GOTO       L_UART1_Write_Text5
L_UART1_Write_Text6:
;__Lib_UART_c67.c,56 :: 		
L_end_UART1_Write_Text:
0x006D	0x0008      	RETURN
; end of _UART1_Write_Text
_ADC_Init:
;__Lib_ADC_A_C.c,19 :: 		
;__Lib_ADC_A_C.c,20 :: 		
0x006E	0x30FF      	MOVLW      _ADC_Get_Sample
0x006F	0x1283      	BCF        STATUS, 5
0x0070	0x1303      	BCF        STATUS, 6
0x0071	0x00A9      	MOVWF      _ADC_Get_Sample_Ptr
0x0072	0x30FF      	MOVLW      hi_addr(_ADC_Get_Sample)
0x0073	0x00AA      	MOVWF      _ADC_Get_Sample_Ptr+1
0x0074	0x30FF      	MOVLW      FARG_ADC_Get_Sample_channel
0x0075	0x00AB      	MOVWF      _ADC_Get_Sample_Ptr+2
0x0076	0x30FF      	MOVLW      hi_addr(FARG_ADC_Get_Sample_channel)
;__Lib_ADC_A_C.c,22 :: 		
0x0077	0x019F      	CLRF       ADCON0
;__Lib_ADC_A_C.c,23 :: 		
0x0078	0x30C0      	MOVLW      192
0x0079	0x049F      	IORWF      ADCON0, 1
;__Lib_ADC_A_C.c,24 :: 		
0x007A	0x0920      	COMF       _vref_mask, 0
0x007B	0x00F0      	MOVWF      R0
0x007C	0x0870      	MOVF       R0, 0
0x007D	0x1683      	BSF        STATUS, 5
0x007E	0x059F      	ANDWF      ADCON1, 1
;__Lib_ADC_A_C.c,25 :: 		
0x007F	0x171F      	BSF        ADCON1, 6
;__Lib_ADC_A_C.c,26 :: 		
0x0080	0x179F      	BSF        ADCON1, 7
;__Lib_ADC_A_C.c,29 :: 		
0x0081	0x1283      	BCF        STATUS, 5
0x0082	0x141F      	BSF        ADCON0, 0
;__Lib_ADC_A_C.c,30 :: 		
L_end_ADC_Init:
0x0083	0x0008      	RETURN
; end of _ADC_Init
_Bcd2Dec16:
;__Lib_Conversions.c,379 :: 		
;__Lib_Conversions.c,380 :: 		
;__Lib_Conversions.c,382 :: 		
0x0084	0x300C      	MOVLW      12
0x0085	0x1283      	BCF        STATUS, 5
0x0086	0x1303      	BCF        STATUS, 6
0x0087	0x00F2      	MOVWF      R2
0x0088	0x0830      	MOVF       FARG_Bcd2Dec16_bcdnum, 0
0x0089	0x00F0      	MOVWF      R0
0x008A	0x0831      	MOVF       FARG_Bcd2Dec16_bcdnum+1, 0
0x008B	0x00F1      	MOVWF      R0+1
0x008C	0x0872      	MOVF       R2, 0
L__Bcd2Dec16188:
0x008D	0x1903      	BTFSC      STATUS, 2
0x008E	0x2894      	GOTO       L__Bcd2Dec16189
0x008F	0x0CF1      	RRF        R0+1, 1
0x0090	0x0CF0      	RRF        R0, 1
0x0091	0x13F1      	BCF        R0+1, 7
0x0092	0x3EFF      	ADDLW      255
0x0093	0x288D      	GOTO       L__Bcd2Dec16188
L__Bcd2Dec16189:
0x0094	0x30E8      	MOVLW      232
0x0095	0x00F4      	MOVWF      R4
0x0096	0x3003      	MOVLW      3
0x0097	0x00F5      	MOVWF      R4+1
0x0098	0x200C      	CALL       _Mul_16X16_U
0x0099	0x0870      	MOVF       R0, 0
0x009A	0x00B2      	MOVWF      FLOC__Bcd2Dec16
0x009B	0x0871      	MOVF       R0+1, 0
0x009C	0x00B3      	MOVWF      FLOC__Bcd2Dec16+1
0x009D	0x3000      	MOVLW      0
0x009E	0x0530      	ANDWF      FARG_Bcd2Dec16_bcdnum, 0
0x009F	0x00F3      	MOVWF      R3
0x00A0	0x0831      	MOVF       FARG_Bcd2Dec16_bcdnum+1, 0
0x00A1	0x390F      	ANDLW      15
0x00A2	0x00F4      	MOVWF      R3+1
;__Lib_Conversions.c,383 :: 		
0x00A3	0x0874      	MOVF       R3+1, 0
0x00A4	0x00F0      	MOVWF      R0
0x00A5	0x01F1      	CLRF       R0+1
0x00A6	0x3064      	MOVLW      100
0x00A7	0x00F4      	MOVWF      R4
0x00A8	0x3000      	MOVLW      0
0x00A9	0x00F5      	MOVWF      R4+1
0x00AA	0x200C      	CALL       _Mul_16X16_U
0x00AB	0x0870      	MOVF       R0, 0
0x00AC	0x07B2      	ADDWF      FLOC__Bcd2Dec16, 1
0x00AD	0x0871      	MOVF       R0+1, 0
0x00AE	0x1803      	BTFSC      STATUS, 0
0x00AF	0x3E01      	ADDLW      1
0x00B0	0x07B3      	ADDWF      FLOC__Bcd2Dec16+1, 1
;__Lib_Conversions.c,384 :: 		
0x00B1	0x30F0      	MOVLW      240
0x00B2	0x0530      	ANDWF      FARG_Bcd2Dec16_bcdnum, 0
0x00B3	0x00F3      	MOVWF      R3
0x00B4	0x0831      	MOVF       FARG_Bcd2Dec16_bcdnum+1, 0
0x00B5	0x00F4      	MOVWF      R3+1
0x00B6	0x3000      	MOVLW      0
0x00B7	0x05F4      	ANDWF      R3+1, 1
0x00B8	0x0873      	MOVF       R3, 0
0x00B9	0x00F0      	MOVWF      R0
0x00BA	0x0874      	MOVF       R3+1, 0
0x00BB	0x00F1      	MOVWF      R0+1
0x00BC	0x0CF1      	RRF        R0+1, 1
0x00BD	0x0CF0      	RRF        R0, 1
0x00BE	0x13F1      	BCF        R0+1, 7
0x00BF	0x0CF1      	RRF        R0+1, 1
0x00C0	0x0CF0      	RRF        R0, 1
0x00C1	0x13F1      	BCF        R0+1, 7
0x00C2	0x0CF1      	RRF        R0+1, 1
0x00C3	0x0CF0      	RRF        R0, 1
0x00C4	0x13F1      	BCF        R0+1, 7
0x00C5	0x0CF1      	RRF        R0+1, 1
0x00C6	0x0CF0      	RRF        R0, 1
0x00C7	0x13F1      	BCF        R0+1, 7
0x00C8	0x300A      	MOVLW      10
0x00C9	0x00F4      	MOVWF      R4
0x00CA	0x3000      	MOVLW      0
0x00CB	0x00F5      	MOVWF      R4+1
0x00CC	0x200C      	CALL       _Mul_16X16_U
0x00CD	0x0870      	MOVF       R0, 0
0x00CE	0x0732      	ADDWF      FLOC__Bcd2Dec16, 0
0x00CF	0x00F2      	MOVWF      R2
0x00D0	0x0833      	MOVF       FLOC__Bcd2Dec16+1, 0
0x00D1	0x1803      	BTFSC      STATUS, 0
0x00D2	0x3E01      	ADDLW      1
0x00D3	0x0771      	ADDWF      R0+1, 0
0x00D4	0x00F3      	MOVWF      R2+1
;__Lib_Conversions.c,385 :: 		
0x00D5	0x300F      	MOVLW      15
0x00D6	0x0530      	ANDWF      FARG_Bcd2Dec16_bcdnum, 0
0x00D7	0x00F0      	MOVWF      R0
0x00D8	0x0831      	MOVF       FARG_Bcd2Dec16_bcdnum+1, 0
0x00D9	0x00F1      	MOVWF      R0+1
0x00DA	0x3000      	MOVLW      0
0x00DB	0x05F1      	ANDWF      R0+1, 1
0x00DC	0x0872      	MOVF       R2, 0
0x00DD	0x07F0      	ADDWF      R0, 1
0x00DE	0x0873      	MOVF       R2+1, 0
0x00DF	0x1803      	BTFSC      STATUS, 0
0x00E0	0x3E01      	ADDLW      1
0x00E1	0x07F1      	ADDWF      R0+1, 1
;__Lib_Conversions.c,386 :: 		
;__Lib_Conversions.c,387 :: 		
L_end_Bcd2Dec16:
0x00E2	0x0008      	RETURN
; end of _Bcd2Dec16
_ADC_Read:
;__Lib_ADC_A_C.c,68 :: 		
;__Lib_ADC_A_C.c,70 :: 		
0x00E3	0x1283      	BCF        STATUS, 5
0x00E4	0x1303      	BCF        STATUS, 6
0x00E5	0x019F      	CLRF       ADCON0
;__Lib_ADC_A_C.c,71 :: 		
0x00E6	0x30C0      	MOVLW      192
0x00E7	0x049F      	IORWF      ADCON0, 1
;__Lib_ADC_A_C.c,72 :: 		
0x00E8	0x0920      	COMF       _vref_mask, 0
0x00E9	0x00F0      	MOVWF      R0
0x00EA	0x0870      	MOVF       R0, 0
0x00EB	0x1683      	BSF        STATUS, 5
0x00EC	0x059F      	ANDWF      ADCON1, 1
;__Lib_ADC_A_C.c,73 :: 		
0x00ED	0x171F      	BSF        ADCON1, 6
;__Lib_ADC_A_C.c,74 :: 		
0x00EE	0x179F      	BSF        ADCON1, 7
;__Lib_ADC_A_C.c,75 :: 		
0x00EF	0x1283      	BCF        STATUS, 5
0x00F0	0x0830      	MOVF       FARG_ADC_Read_channel, 0
0x00F1	0x00F0      	MOVWF      R0
0x00F2	0x0DF0      	RLF        R0, 1
0x00F3	0x1070      	BCF        R0, 0
0x00F4	0x0DF0      	RLF        R0, 1
0x00F5	0x1070      	BCF        R0, 0
0x00F6	0x0DF0      	RLF        R0, 1
0x00F7	0x1070      	BCF        R0, 0
0x00F8	0x0870      	MOVF       R0, 0
0x00F9	0x049F      	IORWF      ADCON0, 1
;__Lib_ADC_A_C.c,78 :: 		
0x00FA	0x141F      	BSF        ADCON0, 0
;__Lib_ADC_A_C.c,81 :: 		
0x00FB	0x2003      	CALL       _Delay_22us
;__Lib_ADC_A_C.c,84 :: 		
0x00FC	0x151F      	BSF        ADCON0, 2
;__Lib_ADC_A_C.c,87 :: 		
L_ADC_Read2:
0x00FD	0x1D1F      	BTFSS      ADCON0, 2
0x00FE	0x2901      	GOTO       L_ADC_Read3
;__Lib_ADC_A_C.c,88 :: 		
0x00FF	0x0000      	NOP
0x0100	0x28FD      	GOTO       L_ADC_Read2
L_ADC_Read3:
;__Lib_ADC_A_C.c,91 :: 		
0x0101	0x101F      	BCF        ADCON0, 0
;__Lib_ADC_A_C.c,94 :: 		
0x0102	0x081E      	MOVF       ADRESH, 0
0x0103	0x00F1      	MOVWF      R0+1
0x0104	0x01F0      	CLRF       R0
0x0105	0x1683      	BSF        STATUS, 5
0x0106	0x081E      	MOVF       ADRESL, 0
0x0107	0x04F0      	IORWF      R0, 1
0x0108	0x3000      	MOVLW      0
0x0109	0x04F1      	IORWF      R0+1, 1
;__Lib_ADC_A_C.c,95 :: 		
L_end_ADC_Read:
0x010A	0x0008      	RETURN
; end of _ADC_Read
___CC2DW:
;__Lib_System.c,134 :: 		
;__Lib_System.c,137 :: 		
_CC2D_Loop1:
;__Lib_System.c,139 :: 		
0x010B	0x2037      	CALL       _____DoICP
0x010C	0x118A      	BCF        PCLATH, 3
0x010D	0x120A      	BCF        PCLATH, 4
;__Lib_System.c,141 :: 		
0x010E	0x0080      	MOVWF      INDF
;__Lib_System.c,142 :: 		
0x010F	0x0A84      	INCF       FSR, 1
;__Lib_System.c,143 :: 		
0x0110	0x0AA7      	INCF       ___DoICPAddr, 1
;__Lib_System.c,145 :: 		
0x0111	0x1903      	BTFSC      STATUS, 2
;__Lib_System.c,146 :: 		
0x0112	0x0AA8      	INCF       ___DoICPAddr+1, 1
;__Lib_System.c,147 :: 		
0x0113	0x03F0      	DECF       R0, 1
;__Lib_System.c,149 :: 		
0x0114	0x1D03      	BTFSS      STATUS, 2
;__Lib_System.c,150 :: 		
0x0115	0x290B      	GOTO       _CC2D_Loop1
;__Lib_System.c,152 :: 		
L_end___CC2DW:
0x0116	0x0008      	RETURN
; end of ___CC2DW
_main:
0x0117	0x215A      	CALL       346
;Practica7.c,3 :: 		void main() {
;Practica7.c,4 :: 		TRISA  = 0xFF;              // PORTA is input
0x0118	0x30FF      	MOVLW      255
0x0119	0x1683      	BSF        STATUS, 5
0x011A	0x1303      	BCF        STATUS, 6
0x011B	0x0085      	MOVWF      TRISA
;Practica7.c,5 :: 		ADC_Init();
0x011C	0x206E      	CALL       _ADC_Init
;Practica7.c,6 :: 		UART1_Init(9600);
0x011D	0x304D      	MOVLW      77
0x011E	0x1683      	BSF        STATUS, 5
0x011F	0x0099      	MOVWF      SPBRG
0x0120	0x1518      	BSF        TXSTA, 2
0x0121	0x2048      	CALL       _UART1_Init
;Practica7.c,7 :: 		UART1_Write_Text("Start");
0x0122	0x3021      	MOVLW      ?lstr1_Practica7
0x0123	0x00B0      	MOVWF      FARG_UART1_Write_Text_uart_text
0x0124	0x2058      	CALL       _UART1_Write_Text
;Practica7.c,8 :: 		UART1_Write(10);
0x0125	0x300A      	MOVLW      10
0x0126	0x00B4      	MOVWF      FARG_UART1_Write_data_
0x0127	0x203E      	CALL       _UART1_Write
;Practica7.c,9 :: 		UART1_Write(13);
0x0128	0x300D      	MOVLW      13
0x0129	0x00B4      	MOVWF      FARG_UART1_Write_data_
0x012A	0x203E      	CALL       _UART1_Write
;Practica7.c,11 :: 		while(1){
L_main0:
;Practica7.c,12 :: 		temp_res = ADC_Read(0);   // Get 10-bit results of AD conversion
0x012B	0x01B0      	CLRF       FARG_ADC_Read_channel
0x012C	0x20E3      	CALL       _ADC_Read
0x012D	0x0870      	MOVF       R0, 0
0x012E	0x1283      	BCF        STATUS, 5
0x012F	0x00AE      	MOVWF      _temp_res
0x0130	0x0871      	MOVF       R0+1, 0
0x0131	0x00AF      	MOVWF      _temp_res+1
;Practica7.c,13 :: 		temp=Bcd2Dec16(temp_res);
0x0132	0x0870      	MOVF       R0, 0
0x0133	0x00B0      	MOVWF      FARG_Bcd2Dec16_bcdnum
0x0134	0x0871      	MOVF       R0+1, 0
0x0135	0x00B1      	MOVWF      FARG_Bcd2Dec16_bcdnum+1
0x0136	0x2084      	CALL       _Bcd2Dec16
0x0137	0x0870      	MOVF       R0, 0
0x0138	0x00AC      	MOVWF      _temp
0x0139	0x0871      	MOVF       R0+1, 0
0x013A	0x00AD      	MOVWF      _temp+1
;Practica7.c,14 :: 		UART1_Write(temp);       // and send data via UART
0x013B	0x0870      	MOVF       R0, 0
0x013C	0x00B4      	MOVWF      FARG_UART1_Write_data_
0x013D	0x203E      	CALL       _UART1_Write
;Practica7.c,15 :: 		delay_ms(1000);
0x013E	0x3010      	MOVLW      16
0x013F	0x00FB      	MOVWF      R11
0x0140	0x3039      	MOVLW      57
0x0141	0x00FC      	MOVWF      R12
0x0142	0x300D      	MOVLW      13
0x0143	0x00FD      	MOVWF      R13
L_main2:
0x0144	0x0BFD      	DECFSZ     R13, 1
0x0145	0x2944      	GOTO       L_main2
0x0146	0x0BFC      	DECFSZ     R12, 1
0x0147	0x2944      	GOTO       L_main2
0x0148	0x0BFB      	DECFSZ     R11, 1
0x0149	0x2944      	GOTO       L_main2
0x014A	0x0000      	NOP
0x014B	0x0000      	NOP
;Practica7.c,16 :: 		}
0x014C	0x292B      	GOTO       L_main0
;Practica7.c,17 :: 		}
L_end_main:
0x014D	0x294D      	GOTO       $+0
; end of _main
0x015A	0x3020      	MOVLW      32
0x015B	0x0084      	MOVWF      FSR
0x015C	0x3007      	MOVLW      7
0x015D	0x1283      	BCF        STATUS, 5
0x015E	0x1303      	BCF        STATUS, 6
0x015F	0x00F0      	MOVWF      R0
0x0160	0x3053      	MOVLW      83
0x0161	0x00A7      	MOVWF      ___DoICPAddr
0x0162	0x3001      	MOVLW      1
0x0163	0x00A8      	MOVWF      40
0x0164	0x210B      	CALL       267
0x0165	0x0008      	RETURN
;__Lib_ADC_A_C.c,0 :: ?ICS_vref_mask
0x0153	0x340F ;?ICS_vref_mask+0
; end of ?ICS_vref_mask
;Practica7.c,0 :: ?ICS?lstr1_Practica7
0x0154	0x3453 ;?ICS?lstr1_Practica7+0
0x0155	0x3474 ;?ICS?lstr1_Practica7+1
0x0156	0x3461 ;?ICS?lstr1_Practica7+2
0x0157	0x3472 ;?ICS?lstr1_Practica7+3
0x0158	0x3474 ;?ICS?lstr1_Practica7+4
0x0159	0x3400 ;?ICS?lstr1_Practica7+5
; end of ?ICS?lstr1_Practica7
Symbol List:
//** Routines locations **
//ADDRESS    SIZE    PROCEDURE
//----------------------------------------------
0x0003       [9]    _Delay_22us
0x000C      [43]    _Mul_16X16_U
0x0037       [7]    _____DoICP
0x003E      [10]    _UART1_Write
0x0048      [16]    _UART1_Init
0x0058      [22]    _UART1_Write_Text
0x006E      [22]    _ADC_Init
0x0084      [95]    _Bcd2Dec16
0x00E3      [40]    _ADC_Read
0x010B      [12]    ___CC2DW
0x0117      [54]    _main
//** Variables locations ** 
//ADDRESS    SIZE    VARIABLE
//----------------------------------------------
0x0000       [1]    INDF
0x0002       [1]    PCL
0x0003       [1]    STATUS
0x0004       [1]    FSR
0x000A       [1]    PCLATH
0x000C       [1]    PIR1
0x0018       [1]    RCSTA
0x0019       [1]    TXREG
0x001A       [1]    RCREG
0x001E       [1]    ADRESH
0x001F       [1]    ADCON0
0x0020       [1]    _vref_mask
0x0021       [6]    ?lstr1_Practica7
0x0027       [2]    ___DoICPAddr
0x0029       [3]    _ADC_Get_Sample_Ptr
0x002C       [2]    _temp
0x002E       [2]    _temp_res
0x0030       [1]    FARG_UART1_Write_Text_uart_text
0x0030       [2]    FARG_Bcd2Dec16_bcdnum
0x0030       [1]    FARG_ADC_Read_channel
0x0031       [1]    UART1_Write_Text_data__L0
0x0032       [1]    UART1_Write_Text_counter_L0
0x0032       [2]    FLOC__Bcd2Dec16
0x0034       [1]    FARG_UART1_Write_data_
0x0070       [1]    R0
0x0071       [1]    R1
0x0072       [1]    R2
0x0073       [1]    R3
0x0074       [1]    R4
0x0075       [1]    R5
0x0076       [1]    R6
0x0077       [1]    R7
0x0078       [1]    R8
0x0079       [1]    R9
0x007A       [1]    R10
0x007B       [1]    R11
0x007C       [1]    R12
0x007D       [1]    R13
0x007E       [1]    R14
0x007F       [1]    R15
0x0085       [1]    TRISA
0x0087       [0]    TRISC7_bit
0x0087       [0]    TRISC6_bit
0x0098       [1]    TXSTA
0x0099       [1]    SPBRG
0x009E       [1]    ADRESL
0x009F       [1]    ADCON1
//** Constants locations ** 
//ADDRESS    SIZE    CONSTANT
//----------------------------------------------
0x0153       [1]    ?ICS_vref_mask
0x0154       [6]    ?ICS?lstr1_Practica7
